{"D:\\Work\\jest\\asyncData.js": {"path":"D:\\Work\\jest\\asyncData.js","statementMap":{"0":{"start":{"line":1,"column":14},"end":{"line":1,"column":35}},"1":{"start":{"line":4,"column":22},"end":{"line":10,"column":1}},"2":{"start":{"line":6,"column":4},"end":{"line":8,"column":31}},"3":{"start":{"line":7,"column":26},"end":{"line":7,"column":41}},"4":{"start":{"line":8,"column":22},"end":{"line":8,"column":30}},"5":{"start":{"line":12,"column":21},"end":{"line":16,"column":1}},"6":{"start":{"line":14,"column":21},"end":{"line":14,"column":80}},"7":{"start":{"line":15,"column":4},"end":{"line":15,"column":33}},"8":{"start":{"line":20,"column":0},"end":{"line":20,"column":48}}},"fnMap":{"0":{"name":"(anonymous_0)","decl":{"start":{"line":4,"column":22},"end":{"line":4,"column":23}},"loc":{"start":{"line":4,"column":30},"end":{"line":10,"column":1}},"line":4},"1":{"name":"(anonymous_1)","decl":{"start":{"line":7,"column":14},"end":{"line":7,"column":15}},"loc":{"start":{"line":7,"column":26},"end":{"line":7,"column":41}},"line":7},"2":{"name":"(anonymous_2)","decl":{"start":{"line":8,"column":14},"end":{"line":8,"column":15}},"loc":{"start":{"line":8,"column":22},"end":{"line":8,"column":30}},"line":8},"3":{"name":"(anonymous_3)","decl":{"start":{"line":12,"column":21},"end":{"line":12,"column":22}},"loc":{"start":{"line":12,"column":33},"end":{"line":16,"column":1}},"line":12}},"branchMap":{},"s":{"0":1,"1":1,"2":1,"3":1,"4":1,"5":1,"6":2,"7":2,"8":1},"f":{"0":1,"1":1,"2":1,"3":2},"b":{},"_coverageSchema":"1a1c01bbd47fc00a2c39e90264f33305004495a9","hash":"e378b1359b3e679e4bf3823e5c4a9d3038b8094c"}
,"D:\\Work\\jest\\index.js": {"path":"D:\\Work\\jest\\index.js","statementMap":{"0":{"start":{"line":1,"column":12},"end":{"line":3,"column":1}},"1":{"start":{"line":2,"column":4},"end":{"line":2,"column":15}},"2":{"start":{"line":5,"column":0},"end":{"line":5,"column":19}}},"fnMap":{"0":{"name":"(anonymous_0)","decl":{"start":{"line":1,"column":12},"end":{"line":1,"column":13}},"loc":{"start":{"line":1,"column":19},"end":{"line":3,"column":1}},"line":1}},"branchMap":{},"s":{"0":1,"1":1,"2":1},"f":{"0":1},"b":{},"_coverageSchema":"1a1c01bbd47fc00a2c39e90264f33305004495a9","hash":"ab0c72a73dff6ff181a26a3e4f72f53166fc2ca0"}
}
